2022-05-30T08:01:47+00:00 CRITICAL syntax error, unexpected '<' у D:\FullStackDeveloper\OpenServer\domains\AbeloHost\wp-content\themes\envo-marketplace-child\functions.php доступно 73

2022-05-30T08:03:48+00:00 CRITICAL syntax error, unexpected '<' у D:\FullStackDeveloper\OpenServer\domains\AbeloHost\wp-content\themes\envo-marketplace-child\functions.php доступно 73

2022-05-30T08:05:02+00:00 CRITICAL syntax error, unexpected '<' у D:\FullStackDeveloper\OpenServer\domains\AbeloHost\wp-content\themes\envo-marketplace-child\functions.php доступно 73

2022-05-30T08:05:47+00:00 CRITICAL syntax error, unexpected '<' у D:\FullStackDeveloper\OpenServer\domains\AbeloHost\wp-content\themes\envo-marketplace-child\functions.php доступно 73

2022-05-30T08:05:48+00:00 CRITICAL syntax error, unexpected '<' у D:\FullStackDeveloper\OpenServer\domains\AbeloHost\wp-content\themes\envo-marketplace-child\functions.php доступно 73

2022-05-30T08:05:48+00:00 CRITICAL syntax error, unexpected '<' у D:\FullStackDeveloper\OpenServer\domains\AbeloHost\wp-content\themes\envo-marketplace-child\functions.php доступно 73

2022-05-30T08:06:29+00:00 CRITICAL syntax error, unexpected '<' у D:\FullStackDeveloper\OpenServer\domains\AbeloHost\wp-content\themes\envo-marketplace-child\functions.php доступно 73

2022-05-30T08:06:30+00:00 CRITICAL syntax error, unexpected '<' у D:\FullStackDeveloper\OpenServer\domains\AbeloHost\wp-content\themes\envo-marketplace-child\functions.php доступно 73

2022-05-30T08:06:33+00:00 CRITICAL syntax error, unexpected '<' у D:\FullStackDeveloper\OpenServer\domains\AbeloHost\wp-content\themes\envo-marketplace-child\functions.php доступно 73

2022-05-30T08:06:34+00:00 CRITICAL syntax error, unexpected '<' у D:\FullStackDeveloper\OpenServer\domains\AbeloHost\wp-content\themes\envo-marketplace-child\functions.php доступно 73

2022-05-30T08:07:07+00:00 CRITICAL syntax error, unexpected '<' у D:\FullStackDeveloper\OpenServer\domains\AbeloHost\wp-content\themes\envo-marketplace-child\functions.php доступно 73

2022-05-30T08:07:07+00:00 CRITICAL syntax error, unexpected '<' у D:\FullStackDeveloper\OpenServer\domains\AbeloHost\wp-content\themes\envo-marketplace-child\functions.php доступно 73

2022-05-30T08:08:51+00:00 CRITICAL syntax error, unexpected '<' у D:\FullStackDeveloper\OpenServer\domains\AbeloHost\wp-content\themes\envo-marketplace-child\functions.php доступно 73

2022-05-30T08:08:51+00:00 CRITICAL syntax error, unexpected '<' у D:\FullStackDeveloper\OpenServer\domains\AbeloHost\wp-content\themes\envo-marketplace-child\functions.php доступно 73

2022-05-30T08:08:53+00:00 CRITICAL syntax error, unexpected '<' у D:\FullStackDeveloper\OpenServer\domains\AbeloHost\wp-content\themes\envo-marketplace-child\functions.php доступно 73

2022-05-30T08:08:54+00:00 CRITICAL syntax error, unexpected '<' у D:\FullStackDeveloper\OpenServer\domains\AbeloHost\wp-content\themes\envo-marketplace-child\functions.php доступно 73

2022-05-30T08:08:55+00:00 CRITICAL syntax error, unexpected '<' у D:\FullStackDeveloper\OpenServer\domains\AbeloHost\wp-content\themes\envo-marketplace-child\functions.php доступно 73

2022-05-30T08:08:56+00:00 CRITICAL syntax error, unexpected '<' у D:\FullStackDeveloper\OpenServer\domains\AbeloHost\wp-content\themes\envo-marketplace-child\functions.php доступно 73

2022-05-30T08:11:42+00:00 CRITICAL syntax error, unexpected '<' у D:\FullStackDeveloper\OpenServer\domains\AbeloHost\wp-content\themes\envo-marketplace-child\functions.php доступно 73

2022-05-30T08:11:43+00:00 CRITICAL syntax error, unexpected '<' у D:\FullStackDeveloper\OpenServer\domains\AbeloHost\wp-content\themes\envo-marketplace-child\functions.php доступно 73

2022-05-30T08:11:58+00:00 CRITICAL syntax error, unexpected '<' у D:\FullStackDeveloper\OpenServer\domains\AbeloHost\wp-content\themes\envo-marketplace-child\functions.php доступно 73

2022-05-30T08:11:59+00:00 CRITICAL syntax error, unexpected '<' у D:\FullStackDeveloper\OpenServer\domains\AbeloHost\wp-content\themes\envo-marketplace-child\functions.php доступно 73

2022-05-30T08:12:03+00:00 CRITICAL syntax error, unexpected '<' у D:\FullStackDeveloper\OpenServer\domains\AbeloHost\wp-content\themes\envo-marketplace-child\functions.php доступно 73

2022-05-30T08:12:04+00:00 CRITICAL syntax error, unexpected '<' у D:\FullStackDeveloper\OpenServer\domains\AbeloHost\wp-content\themes\envo-marketplace-child\functions.php доступно 73

2022-05-30T08:12:09+00:00 CRITICAL syntax error, unexpected '<' у D:\FullStackDeveloper\OpenServer\domains\AbeloHost\wp-content\themes\envo-marketplace-child\functions.php доступно 73

2022-05-30T08:12:10+00:00 CRITICAL syntax error, unexpected '<' у D:\FullStackDeveloper\OpenServer\domains\AbeloHost\wp-content\themes\envo-marketplace-child\functions.php доступно 73

2022-05-30T08:17:09+00:00 CRITICAL syntax error, unexpected '<' у D:\FullStackDeveloper\OpenServer\domains\AbeloHost\wp-content\themes\envo-marketplace-child\functions.php доступно 73

2022-05-30T08:17:10+00:00 CRITICAL syntax error, unexpected '<' у D:\FullStackDeveloper\OpenServer\domains\AbeloHost\wp-content\themes\envo-marketplace-child\functions.php доступно 73

2022-05-30T08:17:13+00:00 CRITICAL syntax error, unexpected '<' у D:\FullStackDeveloper\OpenServer\domains\AbeloHost\wp-content\themes\envo-marketplace-child\functions.php доступно 73

2022-05-30T08:17:14+00:00 CRITICAL syntax error, unexpected '<' у D:\FullStackDeveloper\OpenServer\domains\AbeloHost\wp-content\themes\envo-marketplace-child\functions.php доступно 73

2022-05-30T08:17:36+00:00 CRITICAL syntax error, unexpected ',' у D:\FullStackDeveloper\OpenServer\domains\AbeloHost\wp-content\themes\envo-marketplace-child\functions.php доступно 83

2022-05-30T08:17:37+00:00 CRITICAL syntax error, unexpected ',' у D:\FullStackDeveloper\OpenServer\domains\AbeloHost\wp-content\themes\envo-marketplace-child\functions.php доступно 83

2022-05-30T08:18:59+00:00 CRITICAL syntax error, unexpected ',' у D:\FullStackDeveloper\OpenServer\domains\AbeloHost\wp-content\themes\envo-marketplace-child\functions.php доступно 83

2022-05-30T08:19:00+00:00 CRITICAL syntax error, unexpected ',' у D:\FullStackDeveloper\OpenServer\domains\AbeloHost\wp-content\themes\envo-marketplace-child\functions.php доступно 83

2022-05-30T08:19:09+00:00 CRITICAL syntax error, unexpected ',' у D:\FullStackDeveloper\OpenServer\domains\AbeloHost\wp-content\themes\envo-marketplace-child\functions.php доступно 83

2022-05-30T08:19:10+00:00 CRITICAL syntax error, unexpected ',' у D:\FullStackDeveloper\OpenServer\domains\AbeloHost\wp-content\themes\envo-marketplace-child\functions.php доступно 83

2022-05-30T08:21:46+00:00 CRITICAL syntax error, unexpected ',' у D:\FullStackDeveloper\OpenServer\domains\AbeloHost\wp-content\themes\envo-marketplace-child\functions.php доступно 83

2022-05-30T08:21:47+00:00 CRITICAL syntax error, unexpected ',' у D:\FullStackDeveloper\OpenServer\domains\AbeloHost\wp-content\themes\envo-marketplace-child\functions.php доступно 83

2022-05-30T08:21:52+00:00 CRITICAL syntax error, unexpected ',' у D:\FullStackDeveloper\OpenServer\domains\AbeloHost\wp-content\themes\envo-marketplace-child\functions.php доступно 83

2022-05-30T08:21:52+00:00 CRITICAL syntax error, unexpected ',' у D:\FullStackDeveloper\OpenServer\domains\AbeloHost\wp-content\themes\envo-marketplace-child\functions.php доступно 83

2022-05-30T08:22:28+00:00 CRITICAL syntax error, unexpected ',' у D:\FullStackDeveloper\OpenServer\domains\AbeloHost\wp-content\themes\envo-marketplace-child\functions.php доступно 83

2022-05-30T08:22:28+00:00 CRITICAL syntax error, unexpected ',' у D:\FullStackDeveloper\OpenServer\domains\AbeloHost\wp-content\themes\envo-marketplace-child\functions.php доступно 83

2022-05-30T08:22:32+00:00 CRITICAL syntax error, unexpected ',' у D:\FullStackDeveloper\OpenServer\domains\AbeloHost\wp-content\themes\envo-marketplace-child\functions.php доступно 83

2022-05-30T08:22:32+00:00 CRITICAL syntax error, unexpected ',' у D:\FullStackDeveloper\OpenServer\domains\AbeloHost\wp-content\themes\envo-marketplace-child\functions.php доступно 83

2022-05-30T08:26:28+00:00 CRITICAL syntax error, unexpected ',' у D:\FullStackDeveloper\OpenServer\domains\AbeloHost\wp-content\themes\envo-marketplace-child\functions.php доступно 83

2022-05-30T08:26:28+00:00 CRITICAL syntax error, unexpected ',' у D:\FullStackDeveloper\OpenServer\domains\AbeloHost\wp-content\themes\envo-marketplace-child\functions.php доступно 83

2022-05-30T08:26:31+00:00 CRITICAL syntax error, unexpected ',' у D:\FullStackDeveloper\OpenServer\domains\AbeloHost\wp-content\themes\envo-marketplace-child\functions.php доступно 83

2022-05-30T08:26:31+00:00 CRITICAL syntax error, unexpected ',' у D:\FullStackDeveloper\OpenServer\domains\AbeloHost\wp-content\themes\envo-marketplace-child\functions.php доступно 83

2022-05-30T08:26:56+00:00 CRITICAL syntax error, unexpected ''woocommerce'' (T_CONSTANT_ENCAPSED_STRING) у D:\FullStackDeveloper\OpenServer\domains\AbeloHost\wp-content\themes\envo-marketplace-child\functions.php доступно 83

2022-05-30T08:26:57+00:00 CRITICAL syntax error, unexpected ''woocommerce'' (T_CONSTANT_ENCAPSED_STRING) у D:\FullStackDeveloper\OpenServer\domains\AbeloHost\wp-content\themes\envo-marketplace-child\functions.php доступно 83

2022-05-30T08:27:15+00:00 CRITICAL syntax error, unexpected ',' у D:\FullStackDeveloper\OpenServer\domains\AbeloHost\wp-content\themes\envo-marketplace-child\functions.php доступно 83

2022-05-30T08:27:15+00:00 CRITICAL syntax error, unexpected ',' у D:\FullStackDeveloper\OpenServer\domains\AbeloHost\wp-content\themes\envo-marketplace-child\functions.php доступно 83

2022-05-30T08:59:58+00:00 CRITICAL syntax error, unexpected end of file у D:\FullStackDeveloper\OpenServer\domains\AbeloHost\wp-content\themes\envo-marketplace-child\functions.php доступно 97

2022-05-30T09:00:10+00:00 CRITICAL syntax error, unexpected end of file у D:\FullStackDeveloper\OpenServer\domains\AbeloHost\wp-content\themes\envo-marketplace-child\functions.php доступно 97

2022-05-30T09:04:15+00:00 CRITICAL Uncaught Error: Call to a member function update_meta_data() on null in D:\FullStackDeveloper\OpenServer\domains\AbeloHost\wp-content\themes\envo-marketplace-child\functions.php:94
Stack trace:
#0 D:\FullStackDeveloper\OpenServer\domains\AbeloHost\wp-includes\class-wp-hook.php(309): {closure}()
#1 D:\FullStackDeveloper\OpenServer\domains\AbeloHost\wp-includes\class-wp-hook.php(331): WP_Hook->apply_filters()
#2 D:\FullStackDeveloper\OpenServer\domains\AbeloHost\wp-includes\plugin.php(476): WP_Hook->do_action()
#3 D:\FullStackDeveloper\OpenServer\domains\AbeloHost\wp-content\plugins\woocommerce\includes\admin\class-wc-admin-meta-boxes.php(248): do_action()
#4 D:\FullStackDeveloper\OpenServer\domains\AbeloHost\wp-includes\class-wp-hook.php(309): WC_Admin_Meta_Boxes->save_meta_boxes()
#5 D:\FullStackDeveloper\OpenServer\domains\AbeloHost\wp-includes\class-wp-hook.php(331): WP_Hook->apply_filters()
#6 D:\FullStackDeveloper\OpenServer\domains\AbeloHost\wp-includes\plugin.php(476): WP_Hook->do_action()
#7 D:\FullSta у D:\FullStackDeveloper\OpenServer\domains\AbeloHost\wp-content\themes\envo-marketplace-child\functions.php доступно 94

2022-05-30T09:05:23+00:00 CRITICAL Uncaught Error: Call to a member function update_meta_data() on null in D:\FullStackDeveloper\OpenServer\domains\AbeloHost\wp-content\themes\envo-marketplace-child\functions.php:94
Stack trace:
#0 D:\FullStackDeveloper\OpenServer\domains\AbeloHost\wp-includes\class-wp-hook.php(309): {closure}()
#1 D:\FullStackDeveloper\OpenServer\domains\AbeloHost\wp-includes\class-wp-hook.php(331): WP_Hook->apply_filters()
#2 D:\FullStackDeveloper\OpenServer\domains\AbeloHost\wp-includes\plugin.php(476): WP_Hook->do_action()
#3 D:\FullStackDeveloper\OpenServer\domains\AbeloHost\wp-content\plugins\woocommerce\includes\admin\class-wc-admin-meta-boxes.php(248): do_action()
#4 D:\FullStackDeveloper\OpenServer\domains\AbeloHost\wp-includes\class-wp-hook.php(309): WC_Admin_Meta_Boxes->save_meta_boxes()
#5 D:\FullStackDeveloper\OpenServer\domains\AbeloHost\wp-includes\class-wp-hook.php(331): WP_Hook->apply_filters()
#6 D:\FullStackDeveloper\OpenServer\domains\AbeloHost\wp-includes\plugin.php(476): WP_Hook->do_action()
#7 D:\FullSta у D:\FullStackDeveloper\OpenServer\domains\AbeloHost\wp-content\themes\envo-marketplace-child\functions.php доступно 94

2022-05-30T09:05:29+00:00 CRITICAL Uncaught Error: Call to a member function update_meta_data() on null in D:\FullStackDeveloper\OpenServer\domains\AbeloHost\wp-content\themes\envo-marketplace-child\functions.php:94
Stack trace:
#0 D:\FullStackDeveloper\OpenServer\domains\AbeloHost\wp-includes\class-wp-hook.php(309): {closure}()
#1 D:\FullStackDeveloper\OpenServer\domains\AbeloHost\wp-includes\class-wp-hook.php(331): WP_Hook->apply_filters()
#2 D:\FullStackDeveloper\OpenServer\domains\AbeloHost\wp-includes\plugin.php(476): WP_Hook->do_action()
#3 D:\FullStackDeveloper\OpenServer\domains\AbeloHost\wp-content\plugins\woocommerce\includes\admin\class-wc-admin-meta-boxes.php(248): do_action()
#4 D:\FullStackDeveloper\OpenServer\domains\AbeloHost\wp-includes\class-wp-hook.php(309): WC_Admin_Meta_Boxes->save_meta_boxes()
#5 D:\FullStackDeveloper\OpenServer\domains\AbeloHost\wp-includes\class-wp-hook.php(331): WP_Hook->apply_filters()
#6 D:\FullStackDeveloper\OpenServer\domains\AbeloHost\wp-includes\plugin.php(476): WP_Hook->do_action()
#7 D:\FullSta у D:\FullStackDeveloper\OpenServer\domains\AbeloHost\wp-content\themes\envo-marketplace-child\functions.php доступно 94

2022-05-30T09:05:54+00:00 CRITICAL Uncaught Error: Call to a member function update_meta_data() on null in D:\FullStackDeveloper\OpenServer\domains\AbeloHost\wp-content\themes\envo-marketplace-child\functions.php:94
Stack trace:
#0 D:\FullStackDeveloper\OpenServer\domains\AbeloHost\wp-includes\class-wp-hook.php(309): {closure}()
#1 D:\FullStackDeveloper\OpenServer\domains\AbeloHost\wp-includes\class-wp-hook.php(331): WP_Hook->apply_filters()
#2 D:\FullStackDeveloper\OpenServer\domains\AbeloHost\wp-includes\plugin.php(476): WP_Hook->do_action()
#3 D:\FullStackDeveloper\OpenServer\domains\AbeloHost\wp-content\plugins\woocommerce\includes\admin\class-wc-admin-meta-boxes.php(248): do_action()
#4 D:\FullStackDeveloper\OpenServer\domains\AbeloHost\wp-includes\class-wp-hook.php(309): WC_Admin_Meta_Boxes->save_meta_boxes()
#5 D:\FullStackDeveloper\OpenServer\domains\AbeloHost\wp-includes\class-wp-hook.php(331): WP_Hook->apply_filters()
#6 D:\FullStackDeveloper\OpenServer\domains\AbeloHost\wp-includes\plugin.php(476): WP_Hook->do_action()
#7 D:\FullSta у D:\FullStackDeveloper\OpenServer\domains\AbeloHost\wp-content\themes\envo-marketplace-child\functions.php доступно 94

2022-05-30T09:18:11+00:00 CRITICAL Uncaught Error: Call to a member function get_meta() on null in D:\FullStackDeveloper\OpenServer\domains\AbeloHost\wp-content\themes\envo-marketplace-child\functions.php:102
Stack trace:
#0 D:\FullStackDeveloper\OpenServer\domains\AbeloHost\wp-includes\class-wp-hook.php(307): {closure}()
#1 D:\FullStackDeveloper\OpenServer\domains\AbeloHost\wp-includes\class-wp-hook.php(331): WP_Hook->apply_filters()
#2 D:\FullStackDeveloper\OpenServer\domains\AbeloHost\wp-includes\plugin.php(476): WP_Hook->do_action()
#3 D:\FullStackDeveloper\OpenServer\domains\AbeloHost\wp-content\plugins\woocommerce\templates\single-product\add-to-cart\simple.php(54): do_action()
#4 D:\FullStackDeveloper\OpenServer\domains\AbeloHost\wp-content\plugins\woocommerce\includes\wc-core-functions.php(345): include('D:\\FullStackDev...')
#5 D:\FullStackDeveloper\OpenServer\domains\AbeloHost\wp-content\plugins\woocommerce\includes\wc-template-functions.php(1684): wc_get_template()
#6 D:\FullStackDeveloper\OpenServer\domains\AbeloHost\wp-includes\cl у D:\FullStackDeveloper\OpenServer\domains\AbeloHost\wp-content\themes\envo-marketplace-child\functions.php доступно 102

2022-05-30T09:21:24+00:00 CRITICAL syntax error, unexpected '<' у D:\FullStackDeveloper\OpenServer\domains\AbeloHost\wp-content\themes\envo-marketplace-child\functions.php доступно 102

2022-05-30T09:21:24+00:00 CRITICAL syntax error, unexpected '<' у D:\FullStackDeveloper\OpenServer\domains\AbeloHost\wp-content\themes\envo-marketplace-child\functions.php доступно 102

2022-05-30T09:21:35+00:00 CRITICAL syntax error, unexpected '<' у D:\FullStackDeveloper\OpenServer\domains\AbeloHost\wp-content\themes\envo-marketplace-child\functions.php доступно 102

2022-05-30T09:58:30+00:00 CRITICAL syntax error, unexpected 'if' (T_IF) у D:\FullStackDeveloper\OpenServer\domains\AbeloHost\wp-content\themes\envo-marketplace-child\functions.php доступно 157

2022-05-30T09:58:30+00:00 CRITICAL syntax error, unexpected 'if' (T_IF) у D:\FullStackDeveloper\OpenServer\domains\AbeloHost\wp-content\themes\envo-marketplace-child\functions.php доступно 157

2022-05-30T09:59:03+00:00 CRITICAL syntax error, unexpected 'if' (T_IF) у D:\FullStackDeveloper\OpenServer\domains\AbeloHost\wp-content\themes\envo-marketplace-child\functions.php доступно 157

2022-05-30T09:59:04+00:00 CRITICAL syntax error, unexpected 'if' (T_IF) у D:\FullStackDeveloper\OpenServer\domains\AbeloHost\wp-content\themes\envo-marketplace-child\functions.php доступно 157

2022-05-30T09:59:46+00:00 CRITICAL syntax error, unexpected 'if' (T_IF) у D:\FullStackDeveloper\OpenServer\domains\AbeloHost\wp-content\themes\envo-marketplace-child\functions.php доступно 157

2022-05-30T09:59:47+00:00 CRITICAL syntax error, unexpected 'if' (T_IF) у D:\FullStackDeveloper\OpenServer\domains\AbeloHost\wp-content\themes\envo-marketplace-child\functions.php доступно 157

2022-05-30T09:59:50+00:00 CRITICAL syntax error, unexpected 'if' (T_IF) у D:\FullStackDeveloper\OpenServer\domains\AbeloHost\wp-content\themes\envo-marketplace-child\functions.php доступно 157

2022-05-30T09:59:51+00:00 CRITICAL syntax error, unexpected 'if' (T_IF) у D:\FullStackDeveloper\OpenServer\domains\AbeloHost\wp-content\themes\envo-marketplace-child\functions.php доступно 157

2022-05-30T10:02:49+00:00 CRITICAL syntax error, unexpected end of file у D:\FullStackDeveloper\OpenServer\domains\AbeloHost\wp-content\themes\envo-marketplace-child\functions.php доступно 173

2022-05-30T10:02:49+00:00 CRITICAL syntax error, unexpected end of file у D:\FullStackDeveloper\OpenServer\domains\AbeloHost\wp-content\themes\envo-marketplace-child\functions.php доступно 173

2022-05-30T10:03:10+00:00 CRITICAL syntax error, unexpected ')' у D:\FullStackDeveloper\OpenServer\domains\AbeloHost\wp-content\themes\envo-marketplace-child\functions.php доступно 172

2022-05-30T10:03:11+00:00 CRITICAL syntax error, unexpected ')' у D:\FullStackDeveloper\OpenServer\domains\AbeloHost\wp-content\themes\envo-marketplace-child\functions.php доступно 172

2022-05-30T10:05:21+00:00 CRITICAL syntax error, unexpected end of file у D:\FullStackDeveloper\OpenServer\domains\AbeloHost\wp-content\themes\envo-marketplace-child\functions.php доступно 159

2022-05-30T10:05:22+00:00 CRITICAL syntax error, unexpected end of file у D:\FullStackDeveloper\OpenServer\domains\AbeloHost\wp-content\themes\envo-marketplace-child\functions.php доступно 159

2022-05-30T10:06:53+00:00 CRITICAL syntax error, unexpected '$product' (T_VARIABLE), expecting ';' or ',' у D:\FullStackDeveloper\OpenServer\domains\AbeloHost\wp-content\themes\envo-marketplace-child\functions.php доступно 158

2022-05-30T10:06:54+00:00 CRITICAL syntax error, unexpected '$product' (T_VARIABLE), expecting ';' or ',' у D:\FullStackDeveloper\OpenServer\domains\AbeloHost\wp-content\themes\envo-marketplace-child\functions.php доступно 158

2022-05-30T10:12:14+00:00 CRITICAL syntax error, unexpected '>' у D:\FullStackDeveloper\OpenServer\domains\AbeloHost\wp-content\themes\envo-marketplace-child\functions.php доступно 88

2022-05-30T10:12:14+00:00 CRITICAL syntax error, unexpected '>' у D:\FullStackDeveloper\OpenServer\domains\AbeloHost\wp-content\themes\envo-marketplace-child\functions.php доступно 88

2022-05-30T10:12:29+00:00 CRITICAL syntax error, unexpected '<' у D:\FullStackDeveloper\OpenServer\domains\AbeloHost\wp-content\themes\envo-marketplace-child\functions.php доступно 88

2022-05-30T10:12:30+00:00 CRITICAL syntax error, unexpected '<' у D:\FullStackDeveloper\OpenServer\domains\AbeloHost\wp-content\themes\envo-marketplace-child\functions.php доступно 88

2022-05-30T10:12:32+00:00 CRITICAL syntax error, unexpected '<' у D:\FullStackDeveloper\OpenServer\domains\AbeloHost\wp-content\themes\envo-marketplace-child\functions.php доступно 88

2022-05-30T10:12:32+00:00 CRITICAL syntax error, unexpected '<' у D:\FullStackDeveloper\OpenServer\domains\AbeloHost\wp-content\themes\envo-marketplace-child\functions.php доступно 88

2022-05-30T10:13:33+00:00 CRITICAL syntax error, unexpected '<' у D:\FullStackDeveloper\OpenServer\domains\AbeloHost\wp-content\themes\envo-marketplace-child\functions.php доступно 161

2022-05-30T10:13:34+00:00 CRITICAL syntax error, unexpected '<' у D:\FullStackDeveloper\OpenServer\domains\AbeloHost\wp-content\themes\envo-marketplace-child\functions.php доступно 161

2022-05-30T10:13:55+00:00 CRITICAL syntax error, unexpected '<' у D:\FullStackDeveloper\OpenServer\domains\AbeloHost\wp-content\themes\envo-marketplace-child\functions.php доступно 161

2022-05-30T10:13:56+00:00 CRITICAL syntax error, unexpected '<' у D:\FullStackDeveloper\OpenServer\domains\AbeloHost\wp-content\themes\envo-marketplace-child\functions.php доступно 161

2022-05-30T10:14:21+00:00 CRITICAL syntax error, unexpected '<' у D:\FullStackDeveloper\OpenServer\domains\AbeloHost\wp-content\themes\envo-marketplace-child\functions.php доступно 161

2022-05-30T10:14:21+00:00 CRITICAL syntax error, unexpected '<' у D:\FullStackDeveloper\OpenServer\domains\AbeloHost\wp-content\themes\envo-marketplace-child\functions.php доступно 161

2022-05-30T10:14:23+00:00 CRITICAL syntax error, unexpected '<' у D:\FullStackDeveloper\OpenServer\domains\AbeloHost\wp-content\themes\envo-marketplace-child\functions.php доступно 161

2022-05-30T10:14:24+00:00 CRITICAL syntax error, unexpected '<' у D:\FullStackDeveloper\OpenServer\domains\AbeloHost\wp-content\themes\envo-marketplace-child\functions.php доступно 161

2022-05-30T12:31:20+00:00 CRITICAL syntax error, unexpected ',' у D:\FullStackDeveloper\OpenServer\domains\AbeloHost\wp-content\themes\envo-marketplace-child\functions.php доступно 212

2022-05-30T12:32:02+00:00 CRITICAL syntax error, unexpected ',' у D:\FullStackDeveloper\OpenServer\domains\AbeloHost\wp-content\themes\envo-marketplace-child\functions.php доступно 212

2022-05-30T12:32:03+00:00 CRITICAL syntax error, unexpected ',' у D:\FullStackDeveloper\OpenServer\domains\AbeloHost\wp-content\themes\envo-marketplace-child\functions.php доступно 212

2022-05-30T12:32:03+00:00 CRITICAL syntax error, unexpected ',' у D:\FullStackDeveloper\OpenServer\domains\AbeloHost\wp-content\themes\envo-marketplace-child\functions.php доступно 212

2022-05-30T12:32:46+00:00 CRITICAL syntax error, unexpected '}', expecting ')' у D:\FullStackDeveloper\OpenServer\domains\AbeloHost\wp-content\themes\envo-marketplace-child\functions.php доступно 214

2022-05-30T12:32:47+00:00 CRITICAL syntax error, unexpected '}', expecting ')' у D:\FullStackDeveloper\OpenServer\domains\AbeloHost\wp-content\themes\envo-marketplace-child\functions.php доступно 214

2022-05-30T12:33:38+00:00 CRITICAL syntax error, unexpected '}', expecting ')' у D:\FullStackDeveloper\OpenServer\domains\AbeloHost\wp-content\themes\envo-marketplace-child\functions.php доступно 214

2022-05-30T12:33:39+00:00 CRITICAL syntax error, unexpected '}', expecting ')' у D:\FullStackDeveloper\OpenServer\domains\AbeloHost\wp-content\themes\envo-marketplace-child\functions.php доступно 214

2022-05-30T12:33:42+00:00 CRITICAL syntax error, unexpected '}', expecting ')' у D:\FullStackDeveloper\OpenServer\domains\AbeloHost\wp-content\themes\envo-marketplace-child\functions.php доступно 214

2022-05-30T12:33:43+00:00 CRITICAL syntax error, unexpected '}', expecting ')' у D:\FullStackDeveloper\OpenServer\domains\AbeloHost\wp-content\themes\envo-marketplace-child\functions.php доступно 214

2022-05-30T12:33:58+00:00 CRITICAL syntax error, unexpected ''return_format'' (T_CONSTANT_ENCAPSED_STRING), expecting ')' у D:\FullStackDeveloper\OpenServer\domains\AbeloHost\wp-content\themes\envo-marketplace-child\functions.php доступно 202

2022-05-30T12:33:59+00:00 CRITICAL syntax error, unexpected ''return_format'' (T_CONSTANT_ENCAPSED_STRING), expecting ')' у D:\FullStackDeveloper\OpenServer\domains\AbeloHost\wp-content\themes\envo-marketplace-child\functions.php доступно 202

2022-05-30T12:34:13+00:00 CRITICAL syntax error, unexpected ',' у D:\FullStackDeveloper\OpenServer\domains\AbeloHost\wp-content\themes\envo-marketplace-child\functions.php доступно 212

2022-05-30T12:34:13+00:00 CRITICAL syntax error, unexpected ',' у D:\FullStackDeveloper\OpenServer\domains\AbeloHost\wp-content\themes\envo-marketplace-child\functions.php доступно 212

2022-05-30T12:35:36+00:00 CRITICAL syntax error, unexpected '}', expecting ')' у D:\FullStackDeveloper\OpenServer\domains\AbeloHost\wp-content\themes\envo-marketplace-child\functions.php доступно 203

2022-05-30T12:35:37+00:00 CRITICAL syntax error, unexpected '}', expecting ')' у D:\FullStackDeveloper\OpenServer\domains\AbeloHost\wp-content\themes\envo-marketplace-child\functions.php доступно 203

2022-05-30T12:36:02+00:00 CRITICAL syntax error, unexpected '}' у D:\FullStackDeveloper\OpenServer\domains\AbeloHost\wp-content\themes\envo-marketplace-child\functions.php доступно 203

2022-05-30T12:36:02+00:00 CRITICAL syntax error, unexpected '}' у D:\FullStackDeveloper\OpenServer\domains\AbeloHost\wp-content\themes\envo-marketplace-child\functions.php доступно 203

2022-05-30T12:36:18+00:00 CRITICAL syntax error, unexpected ',' у D:\FullStackDeveloper\OpenServer\domains\AbeloHost\wp-content\themes\envo-marketplace-child\functions.php доступно 201

2022-05-30T12:36:19+00:00 CRITICAL syntax error, unexpected ',' у D:\FullStackDeveloper\OpenServer\domains\AbeloHost\wp-content\themes\envo-marketplace-child\functions.php доступно 201

2022-05-30T12:36:21+00:00 CRITICAL syntax error, unexpected ',' у D:\FullStackDeveloper\OpenServer\domains\AbeloHost\wp-content\themes\envo-marketplace-child\functions.php доступно 201

2022-05-30T12:36:21+00:00 CRITICAL syntax error, unexpected ',' у D:\FullStackDeveloper\OpenServer\domains\AbeloHost\wp-content\themes\envo-marketplace-child\functions.php доступно 201

2022-05-30T12:37:43+00:00 CRITICAL syntax error, unexpected '}' у D:\FullStackDeveloper\OpenServer\domains\AbeloHost\wp-content\themes\envo-marketplace-child\functions.php доступно 203

2022-05-30T12:37:44+00:00 CRITICAL syntax error, unexpected '}' у D:\FullStackDeveloper\OpenServer\domains\AbeloHost\wp-content\themes\envo-marketplace-child\functions.php доступно 203

2022-05-30T12:41:46+00:00 CRITICAL syntax error, unexpected '<' у D:\FullStackDeveloper\OpenServer\domains\AbeloHost\wp-content\themes\envo-marketplace-child\functions.php доступно 189

2022-05-30T12:41:47+00:00 CRITICAL syntax error, unexpected '<' у D:\FullStackDeveloper\OpenServer\domains\AbeloHost\wp-content\themes\envo-marketplace-child\functions.php доступно 189

2022-05-30T12:41:47+00:00 CRITICAL syntax error, unexpected '<' у D:\FullStackDeveloper\OpenServer\domains\AbeloHost\wp-content\themes\envo-marketplace-child\functions.php доступно 189

2022-05-30T12:52:37+00:00 CRITICAL syntax error, unexpected 'woocommerce_product_images_box' (T_STRING), expecting '(' у D:\FullStackDeveloper\OpenServer\domains\AbeloHost\wp-content\themes\envo-marketplace-child\functions.php доступно 187

2022-05-30T12:52:38+00:00 CRITICAL syntax error, unexpected 'woocommerce_product_images_box' (T_STRING), expecting '(' у D:\FullStackDeveloper\OpenServer\domains\AbeloHost\wp-content\themes\envo-marketplace-child\functions.php доступно 187

2022-05-30T12:52:38+00:00 CRITICAL syntax error, unexpected 'woocommerce_product_images_box' (T_STRING), expecting '(' у D:\FullStackDeveloper\OpenServer\domains\AbeloHost\wp-content\themes\envo-marketplace-child\functions.php доступно 187

2022-05-30T13:18:42+00:00 CRITICAL syntax error, unexpected 'if' (T_IF) у D:\FullStackDeveloper\OpenServer\domains\AbeloHost\wp-content\themes\envo-marketplace-child\functions.php доступно 196

2022-05-30T13:18:43+00:00 CRITICAL syntax error, unexpected 'if' (T_IF) у D:\FullStackDeveloper\OpenServer\domains\AbeloHost\wp-content\themes\envo-marketplace-child\functions.php доступно 196

2022-05-30T13:28:03+00:00 CRITICAL syntax error, unexpected end of file у D:\FullStackDeveloper\OpenServer\domains\AbeloHost\wp-content\themes\envo-marketplace-child\functions.php доступно 281

2022-05-30T13:28:04+00:00 CRITICAL syntax error, unexpected end of file у D:\FullStackDeveloper\OpenServer\domains\AbeloHost\wp-content\themes\envo-marketplace-child\functions.php доступно 281

2022-05-30T13:28:28+00:00 CRITICAL syntax error, unexpected ')' у D:\FullStackDeveloper\OpenServer\domains\AbeloHost\wp-content\themes\envo-marketplace-child\functions.php доступно 281

2022-05-30T13:28:29+00:00 CRITICAL syntax error, unexpected ')' у D:\FullStackDeveloper\OpenServer\domains\AbeloHost\wp-content\themes\envo-marketplace-child\functions.php доступно 281

2022-05-30T13:30:24+00:00 CRITICAL Cannot declare class WC_Meta_Box_Product_Images, because the name is already in use у D:\FullStackDeveloper\OpenServer\domains\AbeloHost\wp-content\themes\envo-marketplace-child\functions.php доступно 198

2022-05-30T13:32:32+00:00 CRITICAL syntax error, unexpected 'public' (T_PUBLIC) у D:\FullStackDeveloper\OpenServer\domains\AbeloHost\wp-content\themes\envo-marketplace-child\functions.php доступно 205

2022-05-30T13:32:33+00:00 CRITICAL syntax error, unexpected 'public' (T_PUBLIC) у D:\FullStackDeveloper\OpenServer\domains\AbeloHost\wp-content\themes\envo-marketplace-child\functions.php доступно 205

2022-05-30T13:43:35+00:00 CRITICAL syntax error, unexpected end of file у D:\FullStackDeveloper\OpenServer\domains\AbeloHost\wp-content\themes\envo-marketplace-child\functions.php доступно 201

2022-05-30T13:43:35+00:00 CRITICAL syntax error, unexpected end of file у D:\FullStackDeveloper\OpenServer\domains\AbeloHost\wp-content\themes\envo-marketplace-child\functions.php доступно 201

